<?xml version="1.0" encoding="UTF-8"?>
<!-- Generated by org.testng.reporters.JUnitReportReporter -->
<testsuite hostname="Tripti" name="com.learntestng.AppTest" tests="1" failures="0" timestamp="15 Oct 2015 10:06:34 GMT" time="0.044" errors="0">
  <testcase name="sendMail" time="0.044" classname="com.learntestng.AppTest"/>
</testsuite>
